<?xml version="1.0" encoding="UTF-8"?>
<beans xmlns="http://www.springframework.org/schema/beans"
       xmlns:xsi="http://www.w3.org/2001/XMLSchema-instance" xmlns:p="http://www.springframework.org/schema/p"
       xmlns:aop="http://www.springframework.org/schema/aop" xmlns:tx="http://www.springframework.org/schema/tx"
       xsi:schemaLocation="
            http://www.springframework.org/schema/beans
            http://www.springframework.org/schema/beans/spring-beans-3.2.xsd">

    <!--配置Bean的后置处理器-->
    <bean id="beanPostProcessor" class="com.hupun.MyBeanPostProcessor" />

    <!--配置instantiationAwareBeanPostProcessor-->
    <bean id="instantiationAwareBeanPostProcessor" class="com.hupun.MyInstantiationAwareBeanPostProcessor" />

    <!--配置BeanFactory的后置处理器-->
    <bean id="beanFactoryPostProcessor" class="com.hupun.MyBeanFactoryPostProcessor">
    </bean>

    <bean id="testBean" class="com.hupun.TestBean" init-method="testBeanInit"
          destroy-method="testBeanDestory" scope="singleton">
        <property name="classID" value="testbean@9527" />
        <property name="className" value="TTBean" />
    </bean>

</beans>